Start testing: Apr 23 22:37 -03
----------------------------------------------------------
62/1414 Testing: XrefSearchEngine.IncludesSystemClassesWhenEnabled
62/1414 Test: XrefSearchEngine.IncludesSystemClassesWhenEnabled
Command: "/home/trindade/Projetos/scout++/build/test_xref_search_engine" "--gtest_filter=XrefSearchEngine.IncludesSystemClassesWhenEnabled" "--gtest_also_run_disabled_tests"
Directory: /home/trindade/Projetos/scout++/build
"XrefSearchEngine.IncludesSystemClassesWhenEnabled" start time: Apr 23 22:37 -03
Output:
----------------------------------------------------------
Note: Google Test filter = XrefSearchEngine.IncludesSystemClassesWhenEnabled
[==========] Running 1 test from 1 test suite.
[----------] Global test environment set-up.
[----------] 1 test from XrefSearchEngine
[ RUN      ] XrefSearchEngine.IncludesSystemClassesWhenEnabled
/home/trindade/Projetos/scout++/tests/test_xref_search_engine.cpp:206: Failure
Value of: found_system
  Actual: false
Expected: true
[  FAILED  ] XrefSearchEngine.IncludesSystemClassesWhenEnabled (0 ms)
[----------] 1 test from XrefSearchEngine (0 ms total)

[----------] Global test environment tear-down
[==========] 1 test from 1 test suite ran. (0 ms total)
[  PASSED  ] 0 tests.
[  FAILED  ] 1 test, listed below:
[  FAILED  ] XrefSearchEngine.IncludesSystemClassesWhenEnabled

 1 FAILED TEST
<end of output>
Test time =   0.01 sec
----------------------------------------------------------
Test Failed.
"XrefSearchEngine.IncludesSystemClassesWhenEnabled" end time: Apr 23 22:37 -03
"XrefSearchEngine.IncludesSystemClassesWhenEnabled" time elapsed: 00:00:00
----------------------------------------------------------

70/1414 Testing: XrefAdvancedTest.RecursiveXrefDepth2
70/1414 Test: XrefAdvancedTest.RecursiveXrefDepth2
Command: "/home/trindade/Projetos/scout++/build/test_xref_advanced" "--gtest_filter=XrefAdvancedTest.RecursiveXrefDepth2" "--gtest_also_run_disabled_tests"
Directory: /home/trindade/Projetos/scout++/build
"XrefAdvancedTest.RecursiveXrefDepth2" start time: Apr 23 22:37 -03
Output:
----------------------------------------------------------
Running main() from /home/trindade/Projetos/scout++/build/_deps/googletest-src/googletest/src/gtest_main.cc
Note: Google Test filter = XrefAdvancedTest.RecursiveXrefDepth2
[==========] Running 1 test from 1 test suite.
[----------] Global test environment set-up.
[----------] 1 test from XrefAdvancedTest
[ RUN      ] XrefAdvancedTest.RecursiveXrefDepth2
/home/trindade/Projetos/scout++/tests/test_xref_advanced.cpp:61: Failure
Expected equality of these values:
  results.size()
    Which is: 1
  2
[  FAILED  ] XrefAdvancedTest.RecursiveXrefDepth2 (0 ms)
[----------] 1 test from XrefAdvancedTest (0 ms total)

[----------] Global test environment tear-down
[==========] 1 test from 1 test suite ran. (0 ms total)
[  PASSED  ] 0 tests.
[  FAILED  ] 1 test, listed below:
[  FAILED  ] XrefAdvancedTest.RecursiveXrefDepth2

 1 FAILED TEST
<end of output>
Test time =   0.01 sec
----------------------------------------------------------
Test Failed.
"XrefAdvancedTest.RecursiveXrefDepth2" end time: Apr 23 22:37 -03
"XrefAdvancedTest.RecursiveXrefDepth2" time elapsed: 00:00:00
----------------------------------------------------------

74/1414 Testing: XrefAdvancedTest.FindsCallees
74/1414 Test: XrefAdvancedTest.FindsCallees
Command: "/home/trindade/Projetos/scout++/build/test_xref_advanced" "--gtest_filter=XrefAdvancedTest.FindsCallees" "--gtest_also_run_disabled_tests"
Directory: /home/trindade/Projetos/scout++/build
"XrefAdvancedTest.FindsCallees" start time: Apr 23 22:37 -03
Output:
----------------------------------------------------------
Running main() from /home/trindade/Projetos/scout++/build/_deps/googletest-src/googletest/src/gtest_main.cc
Note: Google Test filter = XrefAdvancedTest.FindsCallees
[==========] Running 1 test from 1 test suite.
[----------] Global test environment set-up.
[----------] 1 test from XrefAdvancedTest
[ RUN      ] XrefAdvancedTest.FindsCallees
/home/trindade/Projetos/scout++/tests/test_xref_advanced.cpp:126: Failure
Value of: results[0].line_content.find("Lcom/example/A;->targetMethod()V") != std::string::npos
  Actual: false
Expected: true
[  FAILED  ] XrefAdvancedTest.FindsCallees (0 ms)
[----------] 1 test from XrefAdvancedTest (0 ms total)

[----------] Global test environment tear-down
[==========] 1 test from 1 test suite ran. (0 ms total)
[  PASSED  ] 0 tests.
[  FAILED  ] 1 test, listed below:
[  FAILED  ] XrefAdvancedTest.FindsCallees

 1 FAILED TEST
<end of output>
Test time =   0.01 sec
----------------------------------------------------------
Test Failed.
"XrefAdvancedTest.FindsCallees" end time: Apr 23 22:37 -03
"XrefAdvancedTest.FindsCallees" time elapsed: 00:00:00
----------------------------------------------------------

112/1414 Testing: NewEnginesTest.CFGGenerationWorks
112/1414 Test: NewEnginesTest.CFGGenerationWorks
Command: "/home/trindade/Projetos/scout++/build/test_new_engines" "--gtest_filter=NewEnginesTest.CFGGenerationWorks" "--gtest_also_run_disabled_tests"
Directory: /home/trindade/Projetos/scout++/build
"NewEnginesTest.CFGGenerationWorks" start time: Apr 23 22:37 -03
Output:
----------------------------------------------------------
Running main() from /home/trindade/Projetos/scout++/build/_deps/googletest-src/googletest/src/gtest_main.cc
Note: Google Test filter = NewEnginesTest.CFGGenerationWorks
[==========] Running 1 test from 1 test suite.
[----------] Global test environment set-up.
[----------] 1 test from NewEnginesTest
[ RUN      ] NewEnginesTest.CFGGenerationWorks
/home/trindade/Projetos/scout++/tests/test_new_engines.cpp:77: Failure
Value of: results[0].line_content.find("(cfg") != std::string::npos
  Actual: false
Expected: true
/home/trindade/Projetos/scout++/tests/test_new_engines.cpp:78: Failure
Value of: results[0].line_content.find("BB0") != std::string::npos
  Actual: false
Expected: true
/home/trindade/Projetos/scout++/tests/test_new_engines.cpp:79: Failure
Value of: results[0].line_content.find("BB1") != std::string::npos
  Actual: false
Expected: true
/home/trindade/Projetos/scout++/tests/test_new_engines.cpp:80: Failure
Value of: results[0].line_content.find("BB2") != std::string::npos
  Actual: false
Expected: true
[  FAILED  ] NewEnginesTest.CFGGenerationWorks (0 ms)
[----------] 1 test from NewEnginesTest (0 ms total)

[----------] Global test environment tear-down
[==========] 1 test from 1 test suite ran. (1 ms total)
[  PASSED  ] 0 tests.
[  FAILED  ] 1 test, listed below:
[  FAILED  ] NewEnginesTest.CFGGenerationWorks

 1 FAILED TEST
<end of output>
Test time =   0.01 sec
----------------------------------------------------------
Test Failed.
"NewEnginesTest.CFGGenerationWorks" end time: Apr 23 22:37 -03
"NewEnginesTest.CFGGenerationWorks" time elapsed: 00:00:00
----------------------------------------------------------

End testing: Apr 23 22:37 -03
